\BOOKMARK [1][-]{section*.2}{List of Figures}{}% 1
\BOOKMARK [1][-]{section*.3}{List of Tables}{}% 2
\BOOKMARK [1][-]{section.1}{Introduction}{}% 3
\BOOKMARK [1][-]{section.2}{Theoretical Background}{}% 4
\BOOKMARK [2][-]{subsection.2.1}{Mindlin's 1964 Theory.}{section.2}% 5
\BOOKMARK [2][-]{subsection.2.2}{Aifanti's 1992 Theory.}{section.2}% 6
\BOOKMARK [1][-]{section.3}{Different FEM Approach}{}% 7
\BOOKMARK [2][-]{subsection.3.1}{Tomislav Lesicar - Two scale FEM formulation}{section.3}% 8
\BOOKMARK [3][-]{subsubsection.3.1.1}{ C1-Continuous Element}{subsection.3.1}% 9
\BOOKMARK [3][-]{subsubsection.3.1.2}{ Higher-order stress and strain gradient tensor}{subsection.3.1}% 10
\BOOKMARK [3][-]{subsubsection.3.1.3}{ Physical interpretation of Strain Gradient}{subsection.3.1}% 11
\BOOKMARK [2][-]{subsection.3.2}{E. Amanatidou - Mixed type FEM formulation}{section.3}% 12
\BOOKMARK [3][-]{subsubsection.3.2.1}{ Stress }{subsection.3.2}% 13
\BOOKMARK [3][-]{subsubsection.3.2.2}{ Higher Order Stress }{subsection.3.2}% 14
\BOOKMARK [3][-]{subsubsection.3.2.3}{ Mixed Tpye Elements}{subsection.3.2}% 15
\BOOKMARK [2][-]{subsection.3.3}{John Y. Shu - Mixed type FEM formulation}{section.3}% 16
\BOOKMARK [3][-]{subsubsection.3.3.1}{ Modified Virtual Work}{subsection.3.3}% 17
\BOOKMARK [3][-]{subsubsection.3.3.2}{ Stress}{subsection.3.3}% 18
\BOOKMARK [3][-]{subsubsection.3.3.3}{ Higher-order Stress}{subsection.3.3}% 19
\BOOKMARK [3][-]{subsubsection.3.3.4}{ Isoparametric elements for the strain gradient solid}{subsection.3.3}% 20
\BOOKMARK [3][-]{subsubsection.3.3.5}{ Finite Element Approaximation }{subsection.3.3}% 21
\BOOKMARK [1][-]{section.4}{FEM Implementation}{}% 22
\BOOKMARK [2][-]{subsection.4.1}{QU34L4 - ELEMENT}{section.4}% 23
\BOOKMARK [2][-]{subsection.4.2}{Degrees of Freedom\(DOF\)}{section.4}% 24
\BOOKMARK [3][-]{subsubsection.4.2.1}{ Displacement DOF}{subsection.4.2}% 25
\BOOKMARK [3][-]{subsubsection.4.2.2}{ Relaxed Strain DOF}{subsection.4.2}% 26
\BOOKMARK [3][-]{subsubsection.4.2.3}{ Langrange Multiplier}{subsection.4.2}% 27
\BOOKMARK [1][-]{section.5}{Verification of model without Gradient term}{}% 28
\BOOKMARK [1][-]{section.6}{Verification of Model Plate-720}{}% 29
\BOOKMARK [1][-]{section.7}{Validation Tests}{}% 30
\BOOKMARK [2][-]{subsection.7.1}{Patch Test - 1}{section.7}% 31
\BOOKMARK [2][-]{subsection.7.2}{Patch Test - 2}{section.7}% 32
\BOOKMARK [2][-]{subsection.7.3}{Rigid Body Translation Test}{section.7}% 33
\BOOKMARK [1][-]{section.8}{Documentation of the Programming work}{}% 34
\BOOKMARK [2][-]{subsection.8.1}{Implementation details of FEM model}{section.8}% 35
\BOOKMARK [3][-]{subsubsection.8.1.1}{ Preprocessing}{subsection.8.1}% 36
\BOOKMARK [3][-]{subsubsection.8.1.2}{ Processing}{subsection.8.1}% 37
\BOOKMARK [3][-]{subsubsection.8.1.3}{ Post-Processing}{subsection.8.1}% 38
\BOOKMARK [2][-]{subsection.8.2}{Problem Faced during Programming UEL}{section.8}% 39
\BOOKMARK [2][-]{subsection.8.3}{Milestones achieved}{section.8}% 40
\BOOKMARK [1][-]{appendix.a.A}{Python file for Patch test-1}{}% 41
\BOOKMARK [1][-]{appendix.a.B}{Python file for Patch test-2}{}% 42
\BOOKMARK [1][-]{appendix.a.C}{Python file for 9-node Element mesh generation}{}% 43
\BOOKMARK [1][-]{appendix.a.D}{Flowchart of Strain Gradient Elasticity FEM Model}{}% 44
\BOOKMARK [1][-]{appendix.a.E}{Postprocessing tool to visualize UEL}{}% 45
\BOOKMARK [1][-]{section*.43}{References}{}% 46
