This is pdfTeX, Version 3.14159265-2.6-1.40.21 (MiKTeX 2.9.7300 64-bit) (preloaded format=pdflatex 2020.3.18)  26 MAR 2020 18:31
entering extended mode
**./first_draft.tex
(first_draft.tex
LaTeX2e <2020-02-02> patch level 5
L3 programming layer <2020-03-06> (D:\Latex\tex/latex/base\article.cls
Document Class: article 2019/12/20 v1.4l Standard LaTeX document class
(D:\Latex\tex/latex/base\size12.clo
File: size12.clo 2019/12/20 v1.4l Standard LaTeX file (size option)
)
\c@part=\count167
\c@section=\count168
\c@subsection=\count169
\c@subsubsection=\count170
\c@paragraph=\count171
\c@subparagraph=\count172
\c@figure=\count173
\c@table=\count174
\abovecaptionskip=\skip47
\belowcaptionskip=\skip48
\bibindent=\dimen134
) (D:\Latex\tex/latex/amsmath\amsmath.sty
Package: amsmath 2020/01/20 v2.17e AMS math features
\@mathmargin=\skip49

For additional information on amsmath, use the `?' option.
(D:\Latex\tex/latex/amsmath\amstext.sty
Package: amstext 2000/06/29 v2.01 AMS text
 (D:\Latex\tex/latex/amsmath\amsgen.sty
File: amsgen.sty 1999/11/30 v2.0 generic functions
\@emptytoks=\toks15
\ex@=\dimen135
)) (D:\Latex\tex/latex/amsmath\amsbsy.sty
Package: amsbsy 1999/11/29 v1.2d Bold Symbols
\pmbraise@=\dimen136
)
(D:\Latex\tex/latex/amsmath\amsopn.sty
Package: amsopn 2016/03/08 v2.02 operator names
)
\inf@bad=\count175
LaTeX Info: Redefining \frac on input line 227.
\uproot@=\count176
\leftroot@=\count177
LaTeX Info: Redefining \overline on input line 389.
\classnum@=\count178
\DOTSCASE@=\count179
LaTeX Info: Redefining \ldots on input line 486.
LaTeX Info: Redefining \dots on input line 489.
LaTeX Info: Redefining \cdots on input line 610.
\Mathstrutbox@=\box45
\strutbox@=\box46
\big@size=\dimen137
LaTeX Font Info:    Redeclaring font encoding OML on input line 733.
LaTeX Font Info:    Redeclaring font encoding OMS on input line 734.
\macc@depth=\count180
\c@MaxMatrixCols=\count181
\dotsspace@=\muskip16
\c@parentequation=\count182
\dspbrk@lvl=\count183
\tag@help=\toks16
\row@=\count184
\column@=\count185
\maxfields@=\count186
\andhelp@=\toks17
\eqnshift@=\dimen138
\alignsep@=\dimen139
\tagshift@=\dimen140
\tagwidth@=\dimen141
\totwidth@=\dimen142
\lineht@=\dimen143
\@envbody=\toks18
\multlinegap=\skip50
\multlinetaggap=\skip51
\mathdisplay@stack=\toks19
LaTeX Info: Redefining \[ on input line 2859.
LaTeX Info: Redefining \] on input line 2860.
)
(D:\Latex\tex/latex/amsfonts\amsfonts.sty
Package: amsfonts 2013/01/14 v3.01 Basic AMSFonts support
\symAMSa=\mathgroup4
\symAMSb=\mathgroup5
LaTeX Font Info:    Redeclaring math symbol \hbar on input line 98.
LaTeX Font Info:    Overwriting math alphabet `\mathfrak' in version `bold'
(Font)                  U/euf/m/n --> U/euf/b/n on input line 106.
)
(D:\Latex\tex/latex/amsfonts\amssymb.sty
Package: amssymb 2013/01/14 v3.01 AMS font symbols
)
(D:\Latex\tex/latex/graphics\graphicx.sty
Package: graphicx 2019/11/30 v1.2a Enhanced LaTeX Graphics (DPC,SPQR)

(D:\Latex\tex/latex/graphics\keyval.sty
Package: keyval 2014/10/28 v1.15 key=value parser (DPC)
\KV@toks@=\toks20
)
(D:\Latex\tex/latex/graphics\graphics.sty
Package: graphics 2019/11/30 v1.4a Standard LaTeX Graphics (DPC,SPQR)
 (D:\Latex\tex/latex/graphics\trig.sty
Package: trig 2016/01/03 v1.10 sin cos tan (DPC)
) (D:\Latex\tex/latex/graphics-cfg\graphics.cfg
File: graphics.cfg 2016/06/04 v1.11 sample graphics configuration
)
Package graphics Info: Driver file: pdftex.def on input line 105.

(D:\Latex\tex/latex/graphics-def\pdftex.def
File: pdftex.def 2018/01/08 v1.0l Graphics/color driver for pdftex
))
\Gin@req@height=\dimen144
\Gin@req@width=\dimen145
)
(D:\Latex\tex/latex/caption\caption.sty
Package: caption 2020/01/03 v3.4h Customizing captions (AR)

(D:\Latex\tex/latex/caption\caption3.sty
Package: caption3 2020/01/03 v1.8h caption3 kernel (AR)
Package caption3 Info: TeX engine: e-TeX on input line 61.
\captionmargin=\dimen146
\captionmargin@=\dimen147
\captionwidth=\dimen148
\caption@tempdima=\dimen149
\caption@indent=\dimen150
\caption@parindent=\dimen151
\caption@hangindent=\dimen152
Package caption Info: Standard document class detected.
)
\c@caption@flags=\count187
\c@continuedfloat=\count188
)
(D:\Latex\tex/latex/mathtools\mathtools.sty
Package: mathtools 2020/01/17 v1.23 mathematical typesetting tools
 (D:\Latex\tex/latex/tools\calc.sty
Package: calc 2017/05/25 v4.3 Infix arithmetic (KKT,FJ)
\calc@Acount=\count189
\calc@Bcount=\count190
\calc@Adimen=\dimen153
\calc@Bdimen=\dimen154
\calc@Askip=\skip52
\calc@Bskip=\skip53
LaTeX Info: Redefining \setlength on input line 80.
LaTeX Info: Redefining \addtolength on input line 81.
\calc@Ccount=\count191
\calc@Cskip=\skip54
) (D:\Latex\tex/latex/mathtools\mhsetup.sty
Package: mhsetup 2017/03/31 v1.3 programming setup (MH)
)
LaTeX Info: Thecontrolsequence`\('isalreadyrobust on input line 129.
LaTeX Info: Thecontrolsequence`\)'isalreadyrobust on input line 129.
LaTeX Info: Thecontrolsequence`\['isalreadyrobust on input line 129.
LaTeX Info: Thecontrolsequence`\]'isalreadyrobust on input line 129.
\g_MT_multlinerow_int=\count192
\l_MT_multwidth_dim=\dimen155
\origjot=\skip55
\l_MT_shortvdotswithinadjustabove_dim=\dimen156
\l_MT_shortvdotswithinadjustbelow_dim=\dimen157
\l_MT_above_intertext_sep=\dimen158
\l_MT_below_intertext_sep=\dimen159
\l_MT_above_shortintertext_sep=\dimen160
\l_MT_below_shortintertext_sep=\dimen161
)
(D:\Latex\tex/latex/lipsum\lipsum.sty (D:\Latex\tex/latex/l3kernel\expl3.sty
Package: expl3 2020-03-06 L3 programming layer (loader) 

(D:\Latex\tex/latex/l3backend\l3backend-pdfmode.def
File: l3backend-pdfmode.def 2020-03-12 L3 backend support: PDF mode
\l__kernel_color_stack_int=\count193
\l__pdf_internal_box=\box47
))
(D:\Latex\tex/latex/l3packages/xparse\xparse.sty
Package: xparse 2020-03-06 L3 Experimental document command parser
\l__xparse_current_arg_int=\count194
\g__xparse_grabber_int=\count195
\l__xparse_m_args_int=\count196
\l__xparse_v_nesting_int=\count197
)
Package: lipsum 2019/01/02 v2.2 150 paragraphs of Lorem Ipsum dummy text

(D:\Latex\tex/latex/lipsum\lipsum.ltd.tex
File: lipsum.ltd.tex 2019/01/02 v2.2 The Lorem ipsum dummy text
))
(D:\Latex\tex/latex/stackengine\stackengine.sty
Package: stackengine 2017/02/13 v4.01\ Stacking text and objects in convenient 
ways

(D:\Latex\tex/latex/etoolbox\etoolbox.sty
Package: etoolbox 2019/09/21 v2.5h e-TeX tools for LaTeX (JAW)
\etb@tempcnta=\count198
)
(D:\Latex\tex/latex/listofitems\listofitems.sty
(D:\Latex\tex/generic/listofitems\listofitems.tex
\loi_cnt_foreach_nest=\count199
\loi_nestcnt=\count266
)
Package: listofitems 2019/08/21 v1.63 Grab items in lists using user-specified 
sep char (CT)
)
\c@@stackindex=\count267
\@boxshift=\skip56
\stack@tmplength=\skip57
\temp@stkl=\skip58
\@stackedboxwidth=\skip59
\@addedbox=\box48
\@anchorbox=\box49
\stackedbox=\box50
\@centerbox=\box51
\c@ROWcellindex@=\count268
)
(D:\Latex\tex/latex/fancyhdr\fancyhdr.sty
Package: fancyhdr 2019/01/31 v3.10 Extensive control of page headers and footer
s
\f@nch@headwidth=\skip60
\f@nch@O@elh=\skip61
\f@nch@O@erh=\skip62
\f@nch@O@olh=\skip63
\f@nch@O@orh=\skip64
\f@nch@O@elf=\skip65
\f@nch@O@erf=\skip66
\f@nch@O@olf=\skip67
\f@nch@O@orf=\skip68
)
(D:\Latex\tex/latex/pgf/frontendlayer\tikz.sty
(D:\Latex\tex/latex/pgf/basiclayer\pgf.sty
(D:\Latex\tex/latex/pgf/utilities\pgfrcs.sty
(D:\Latex\tex/generic/pgf/utilities\pgfutil-common.tex
\pgfutil@everybye=\toks21
\pgfutil@tempdima=\dimen162
\pgfutil@tempdimb=\dimen163

(D:\Latex\tex/generic/pgf/utilities\pgfutil-common-lists.tex))
(D:\Latex\tex/generic/pgf/utilities\pgfutil-latex.def
\pgfutil@abb=\box52

(D:\Latex\tex/latex/ms\everyshi.sty
Package: everyshi 2001/05/15 v3.00 EveryShipout Package (MS)
))
(D:\Latex\tex/generic/pgf/utilities\pgfrcs.code.tex
(D:\Latex\tex/generic/pgf\pgf.revision.tex)
Package: pgfrcs 2020/01/08 v3.1.5b (3.1.5b)
))
Package: pgf 2020/01/08 v3.1.5b (3.1.5b)

(D:\Latex\tex/latex/pgf/basiclayer\pgfcore.sty
(D:\Latex\tex/latex/pgf/systemlayer\pgfsys.sty
(D:\Latex\tex/generic/pgf/systemlayer\pgfsys.code.tex
Package: pgfsys 2020/01/08 v3.1.5b (3.1.5b)

(D:\Latex\tex/generic/pgf/utilities\pgfkeys.code.tex
\pgfkeys@pathtoks=\toks22
\pgfkeys@temptoks=\toks23

(D:\Latex\tex/generic/pgf/utilities\pgfkeysfiltered.code.tex
\pgfkeys@tmptoks=\toks24
))
\pgf@x=\dimen164
\pgf@y=\dimen165
\pgf@xa=\dimen166
\pgf@ya=\dimen167
\pgf@xb=\dimen168
\pgf@yb=\dimen169
\pgf@xc=\dimen170
\pgf@yc=\dimen171
\pgf@xd=\dimen172
\pgf@yd=\dimen173
\w@pgf@writea=\write3
\r@pgf@reada=\read2
\c@pgf@counta=\count269
\c@pgf@countb=\count270
\c@pgf@countc=\count271
\c@pgf@countd=\count272
\t@pgf@toka=\toks25
\t@pgf@tokb=\toks26
\t@pgf@tokc=\toks27
\pgf@sys@id@count=\count273

(D:\Latex\tex/generic/pgf/systemlayer\pgf.cfg
File: pgf.cfg 2020/01/08 v3.1.5b (3.1.5b)
)
Driver file for pgf: pgfsys-pdftex.def

(D:\Latex\tex/generic/pgf/systemlayer\pgfsys-pdftex.def
File: pgfsys-pdftex.def 2020/01/08 v3.1.5b (3.1.5b)

(D:\Latex\tex/generic/pgf/systemlayer\pgfsys-common-pdf.def
File: pgfsys-common-pdf.def 2020/01/08 v3.1.5b (3.1.5b)
)))
(D:\Latex\tex/generic/pgf/systemlayer\pgfsyssoftpath.code.tex
File: pgfsyssoftpath.code.tex 2020/01/08 v3.1.5b (3.1.5b)
\pgfsyssoftpath@smallbuffer@items=\count274
\pgfsyssoftpath@bigbuffer@items=\count275
)
(D:\Latex\tex/generic/pgf/systemlayer\pgfsysprotocol.code.tex
File: pgfsysprotocol.code.tex 2020/01/08 v3.1.5b (3.1.5b)
))
(D:\Latex\tex/latex/xcolor\xcolor.sty
Package: xcolor 2016/05/11 v2.12 LaTeX color extensions (UK)

(D:\Latex\tex/latex/graphics-cfg\color.cfg
File: color.cfg 2016/01/02 v1.6 sample color configuration
)
Package xcolor Info: Driver file: pdftex.def on input line 225.
Package xcolor Info: Model `cmy' substituted by `cmy0' on input line 1348.
Package xcolor Info: Model `hsb' substituted by `rgb' on input line 1352.
Package xcolor Info: Model `RGB' extended on input line 1364.
Package xcolor Info: Model `HTML' substituted by `rgb' on input line 1366.
Package xcolor Info: Model `Hsb' substituted by `hsb' on input line 1367.
Package xcolor Info: Model `tHsb' substituted by `hsb' on input line 1368.
Package xcolor Info: Model `HSB' substituted by `hsb' on input line 1369.
Package xcolor Info: Model `Gray' substituted by `gray' on input line 1370.
Package xcolor Info: Model `wave' substituted by `hsb' on input line 1371.
)
(D:\Latex\tex/generic/pgf/basiclayer\pgfcore.code.tex
Package: pgfcore 2020/01/08 v3.1.5b (3.1.5b)

(D:\Latex\tex/generic/pgf/math\pgfmath.code.tex
(D:\Latex\tex/generic/pgf/math\pgfmathcalc.code.tex
(D:\Latex\tex/generic/pgf/math\pgfmathutil.code.tex)
(D:\Latex\tex/generic/pgf/math\pgfmathparser.code.tex
\pgfmath@dimen=\dimen174
\pgfmath@count=\count276
\pgfmath@box=\box53
\pgfmath@toks=\toks28
\pgfmath@stack@operand=\toks29
\pgfmath@stack@operation=\toks30
)
(D:\Latex\tex/generic/pgf/math\pgfmathfunctions.code.tex
(D:\Latex\tex/generic/pgf/math\pgfmathfunctions.basic.code.tex)
(D:\Latex\tex/generic/pgf/math\pgfmathfunctions.trigonometric.code.tex)
(D:\Latex\tex/generic/pgf/math\pgfmathfunctions.random.code.tex)
(D:\Latex\tex/generic/pgf/math\pgfmathfunctions.comparison.code.tex)
(D:\Latex\tex/generic/pgf/math\pgfmathfunctions.base.code.tex)
(D:\Latex\tex/generic/pgf/math\pgfmathfunctions.round.code.tex)
(D:\Latex\tex/generic/pgf/math\pgfmathfunctions.misc.code.tex)
(D:\Latex\tex/generic/pgf/math\pgfmathfunctions.integerarithmetics.code.tex)))
(D:\Latex\tex/generic/pgf/math\pgfmathfloat.code.tex
\c@pgfmathroundto@lastzeros=\count277
))
(D:\Latex\tex/generic/pgf/math\pgfint.code.tex)
(D:\Latex\tex/generic/pgf/basiclayer\pgfcorepoints.code.tex
File: pgfcorepoints.code.tex 2020/01/08 v3.1.5b (3.1.5b)
\pgf@picminx=\dimen175
\pgf@picmaxx=\dimen176
\pgf@picminy=\dimen177
\pgf@picmaxy=\dimen178
\pgf@pathminx=\dimen179
\pgf@pathmaxx=\dimen180
\pgf@pathminy=\dimen181
\pgf@pathmaxy=\dimen182
\pgf@xx=\dimen183
\pgf@xy=\dimen184
\pgf@yx=\dimen185
\pgf@yy=\dimen186
\pgf@zx=\dimen187
\pgf@zy=\dimen188
)
(D:\Latex\tex/generic/pgf/basiclayer\pgfcorepathconstruct.code.tex
File: pgfcorepathconstruct.code.tex 2020/01/08 v3.1.5b (3.1.5b)
\pgf@path@lastx=\dimen189
\pgf@path@lasty=\dimen190
)
(D:\Latex\tex/generic/pgf/basiclayer\pgfcorepathusage.code.tex
File: pgfcorepathusage.code.tex 2020/01/08 v3.1.5b (3.1.5b)
\pgf@shorten@end@additional=\dimen191
\pgf@shorten@start@additional=\dimen192
)
(D:\Latex\tex/generic/pgf/basiclayer\pgfcorescopes.code.tex
File: pgfcorescopes.code.tex 2020/01/08 v3.1.5b (3.1.5b)
\pgfpic=\box54
\pgf@hbox=\box55
\pgf@layerbox@main=\box56
\pgf@picture@serial@count=\count278
)
(D:\Latex\tex/generic/pgf/basiclayer\pgfcoregraphicstate.code.tex
File: pgfcoregraphicstate.code.tex 2020/01/08 v3.1.5b (3.1.5b)
\pgflinewidth=\dimen193
)
(D:\Latex\tex/generic/pgf/basiclayer\pgfcoretransformations.code.tex
File: pgfcoretransformations.code.tex 2020/01/08 v3.1.5b (3.1.5b)
\pgf@pt@x=\dimen194
\pgf@pt@y=\dimen195
\pgf@pt@temp=\dimen196
)
(D:\Latex\tex/generic/pgf/basiclayer\pgfcorequick.code.tex
File: pgfcorequick.code.tex 2020/01/08 v3.1.5b (3.1.5b)
)
(D:\Latex\tex/generic/pgf/basiclayer\pgfcoreobjects.code.tex
File: pgfcoreobjects.code.tex 2020/01/08 v3.1.5b (3.1.5b)
)
(D:\Latex\tex/generic/pgf/basiclayer\pgfcorepathprocessing.code.tex
File: pgfcorepathprocessing.code.tex 2020/01/08 v3.1.5b (3.1.5b)
)
(D:\Latex\tex/generic/pgf/basiclayer\pgfcorearrows.code.tex
File: pgfcorearrows.code.tex 2020/01/08 v3.1.5b (3.1.5b)
\pgfarrowsep=\dimen197
)
(D:\Latex\tex/generic/pgf/basiclayer\pgfcoreshade.code.tex
File: pgfcoreshade.code.tex 2020/01/08 v3.1.5b (3.1.5b)
\pgf@max=\dimen198
\pgf@sys@shading@range@num=\count279
\pgf@shadingcount=\count280
)
(D:\Latex\tex/generic/pgf/basiclayer\pgfcoreimage.code.tex
File: pgfcoreimage.code.tex 2020/01/08 v3.1.5b (3.1.5b)

(D:\Latex\tex/generic/pgf/basiclayer\pgfcoreexternal.code.tex
File: pgfcoreexternal.code.tex 2020/01/08 v3.1.5b (3.1.5b)
\pgfexternal@startupbox=\box57
))
(D:\Latex\tex/generic/pgf/basiclayer\pgfcorelayers.code.tex
File: pgfcorelayers.code.tex 2020/01/08 v3.1.5b (3.1.5b)
)
(D:\Latex\tex/generic/pgf/basiclayer\pgfcoretransparency.code.tex
File: pgfcoretransparency.code.tex 2020/01/08 v3.1.5b (3.1.5b)
)
(D:\Latex\tex/generic/pgf/basiclayer\pgfcorepatterns.code.tex
File: pgfcorepatterns.code.tex 2020/01/08 v3.1.5b (3.1.5b)
)
(D:\Latex\tex/generic/pgf/basiclayer\pgfcorerdf.code.tex
File: pgfcorerdf.code.tex 2020/01/08 v3.1.5b (3.1.5b)
)))
(D:\Latex\tex/generic/pgf/modules\pgfmoduleshapes.code.tex
File: pgfmoduleshapes.code.tex 2020/01/08 v3.1.5b (3.1.5b)
\pgfnodeparttextbox=\box58
)
(D:\Latex\tex/generic/pgf/modules\pgfmoduleplot.code.tex
File: pgfmoduleplot.code.tex 2020/01/08 v3.1.5b (3.1.5b)
)
(D:\Latex\tex/latex/pgf/compatibility\pgfcomp-version-0-65.sty
Package: pgfcomp-version-0-65 2020/01/08 v3.1.5b (3.1.5b)
\pgf@nodesepstart=\dimen199
\pgf@nodesepend=\dimen256
)
(D:\Latex\tex/latex/pgf/compatibility\pgfcomp-version-1-18.sty
Package: pgfcomp-version-1-18 2020/01/08 v3.1.5b (3.1.5b)
))
(D:\Latex\tex/latex/pgf/utilities\pgffor.sty
(D:\Latex\tex/latex/pgf/utilities\pgfkeys.sty
(D:\Latex\tex/generic/pgf/utilities\pgfkeys.code.tex))
(D:\Latex\tex/latex/pgf/math\pgfmath.sty
(D:\Latex\tex/generic/pgf/math\pgfmath.code.tex))
(D:\Latex\tex/generic/pgf/utilities\pgffor.code.tex
Package: pgffor 2020/01/08 v3.1.5b (3.1.5b)

(D:\Latex\tex/generic/pgf/math\pgfmath.code.tex)
\pgffor@iter=\dimen257
\pgffor@skip=\dimen258
\pgffor@stack=\toks31
\pgffor@toks=\toks32
))
(D:\Latex\tex/generic/pgf/frontendlayer/tikz\tikz.code.tex
Package: tikz 2020/01/08 v3.1.5b (3.1.5b)

(D:\Latex\tex/generic/pgf/libraries\pgflibraryplothandlers.code.tex
File: pgflibraryplothandlers.code.tex 2020/01/08 v3.1.5b (3.1.5b)
\pgf@plot@mark@count=\count281
\pgfplotmarksize=\dimen259
)
\tikz@lastx=\dimen260
\tikz@lasty=\dimen261
\tikz@lastxsaved=\dimen262
\tikz@lastysaved=\dimen263
\tikz@lastmovetox=\dimen264
\tikz@lastmovetoy=\dimen265
\tikzleveldistance=\dimen266
\tikzsiblingdistance=\dimen267
\tikz@figbox=\box59
\tikz@figbox@bg=\box60
\tikz@tempbox=\box61
\tikz@tempbox@bg=\box62
\tikztreelevel=\count282
\tikznumberofchildren=\count283
\tikznumberofcurrentchild=\count284
\tikz@fig@count=\count285

(D:\Latex\tex/generic/pgf/modules\pgfmodulematrix.code.tex
File: pgfmodulematrix.code.tex 2020/01/08 v3.1.5b (3.1.5b)
\pgfmatrixcurrentrow=\count286
\pgfmatrixcurrentcolumn=\count287
\pgf@matrix@numberofcolumns=\count288
)
\tikz@expandcount=\count289

(D:\Latex\tex/generic/pgf/frontendlayer/tikz/libraries\tikzlibrarytopaths.code.
tex
File: tikzlibrarytopaths.code.tex 2020/01/08 v3.1.5b (3.1.5b)
)))
(D:\Latex\tex/generic/pgf/frontendlayer/tikz/libraries\tikzlibraryshapes.geomet
ric.code.tex
File: tikzlibraryshapes.geometric.code.tex 2020/01/08 v3.1.5b (3.1.5b)

(D:\Latex\tex/generic/pgf/libraries/shapes\pgflibraryshapes.geometric.code.tex
File: pgflibraryshapes.geometric.code.tex 2020/01/08 v3.1.5b (3.1.5b)
))
(D:\Latex\tex/generic/pgf/frontendlayer/tikz/libraries\tikzlibraryarrows.code.t
ex
File: tikzlibraryarrows.code.tex 2020/01/08 v3.1.5b (3.1.5b)
 (D:\Latex\tex/generic/pgf/libraries\pgflibraryarrows.code.tex
File: pgflibraryarrows.code.tex 2020/01/08 v3.1.5b (3.1.5b)
\arrowsize=\dimen268
))
(D:\Latex\tex/latex/float\float.sty
Package: float 2001/11/08 v1.3d Float enhancements (AL)
\c@float@type=\count290
\float@exts=\toks33
\float@box=\box63
\@float@everytoks=\toks34
\@floatcapt=\box64
) (D:\Latex\tex/latex/geometry\geometry.sty
Package: geometry 2020/01/02 v5.9 Page Geometry

(D:\Latex\tex/generic/iftex\ifvtex.sty
Package: ifvtex 2019/10/25 v1.7 ifvtex legacy package. Use iftex instead.
 (D:\Latex\tex/generic/iftex\iftex.sty
Package: iftex 2020/03/06 v1.0d TeX engine tests
))
\Gm@cnth=\count291
\Gm@cntv=\count292
\c@Gm@tempcnt=\count293
\Gm@bindingoffset=\dimen269
\Gm@wd@mp=\dimen270
\Gm@odd@mp=\dimen271
\Gm@even@mp=\dimen272
\Gm@layoutwidth=\dimen273
\Gm@layoutheight=\dimen274
\Gm@layouthoffset=\dimen275
\Gm@layoutvoffset=\dimen276
\Gm@dimlist=\toks35

(D:\Latex\tex/latex/geometry\geometry.cfg))
(D:\Latex\tex/latex/tocbibind\tocbibind.sty
Package: tocbibind 2010/10/13 v1.5k extra ToC listings
Package tocbibind Info: The document has section divisions on input line 50.


Package tocbibind Note: Using section or other style headings.

) (D:\Latex\tex/latex/tabu\tabu.sty
Package: tabu 2019/01/11 v2.9 - flexible LaTeX tabulars (FC+tabu-fixed)
 (D:\Latex\tex/latex/tools\array.sty
Package: array 2019/08/31 v2.4l Tabular extension package (FMi)
\col@sep=\dimen277
\ar@mcellbox=\box65
\extrarowheight=\dimen278
\NC@list=\toks36
\extratabsurround=\skip69
\backup@length=\skip70
\ar@cellbox=\box66
)
(D:\Latex\tex/latex/varwidth\varwidth.sty
Package: varwidth 2009/03/30 ver 0.92;  Variable-width minipages
\@vwid@box=\box67
\sift@deathcycles=\count294
\@vwid@loff=\dimen279
\@vwid@roff=\dimen280
)
\c@taburow=\count295
\tabu@nbcols=\count296
\tabu@cnt=\count297
\tabu@Xcol=\count298
\tabu@alloc=\count299
\tabu@nested=\count300
\tabu@target=\dimen281
\tabu@spreadtarget=\dimen282
\tabu@naturalX=\dimen283
\tabucolX=\dimen284
\tabu@Xsum=\dimen285
\extrarowdepth=\dimen286
\abovetabulinesep=\dimen287
\belowtabulinesep=\dimen288
\tabustrutrule=\dimen289
\tabu@thebody=\toks37
\tabu@footnotes=\toks38
\tabu@box=\box68
\tabu@arstrutbox=\box69
\tabu@hleads=\box70
\tabu@vleads=\box71
\tabu@cellskip=\skip71
)
(D:\Latex\tex/latex/enumitem\enumitem.sty
Package: enumitem 2019/06/20 v3.9 Customized lists
\labelindent=\skip72
\enit@outerparindent=\dimen290
\enit@toks=\toks39
\enit@inbox=\box72
\enit@count@id=\count301
\enitdp@description=\count302
)
(D:\Latex\tex/latex/kantlipsum\kantlipsum.sty
Package: kantlipsum 2019/07/23 v0.8 Generate text in Kantian style
\l__kgl_start_int=\count303
\l__kgl_end_int=\count304

Package kantlipsum Info: The package provides paragraphs 1 to 164. Values
(kantlipsum)             outside this range will be ignored.

)
(D:\Latex\tex/latex/appendix\appendix.sty
Package: appendix 2020/02/08 v1.2c extra appendix facilities
\c@@pps=\count305
\c@@ppsavesec=\count306
\c@@ppsaveapp=\count307
)
(D:\Latex\tex/latex/pdfpages\pdfpages.sty
Package: pdfpages 2020/01/28 v0.5q Insert pages of external PDF documents (AM)
 (D:\Latex\tex/latex/base\ifthen.sty
Package: ifthen 2014/09/29 v1.1c Standard LaTeX ifthen package (DPC)
)
(D:\Latex\tex/latex/eso-pic\eso-pic.sty
Package: eso-pic 2018/04/12 v2.0h eso-pic (RN)

(D:\Latex\tex/generic/atbegshi\atbegshi.sty
Package: atbegshi 2019/12/05 v1.19 At begin shipout hook (HO)

(D:\Latex\tex/generic/infwarerr\infwarerr.sty
Package: infwarerr 2019/12/03 v1.5 Providing info/warning/error messages (HO)
)
(D:\Latex\tex/generic/ltxcmds\ltxcmds.sty
Package: ltxcmds 2019/12/15 v1.24 LaTeX kernel commands for general use (HO)
)))
\AM@pagewidth=\dimen291
\AM@pageheight=\dimen292

(D:\Latex\tex/latex/pdfpages\pppdftex.def
File: pppdftex.def 2020/01/28 v0.5q Pdfpages driver for pdfTeX (AM)
)
\AM@pagebox=\box73
\AM@global@opts=\toks40
\AM@pagecnt=\count308
\AM@toc@title=\toks41
\c@AM@survey=\count309
\AM@templatesizebox=\box74
)
(D:\Latex\tex/latex/colortbl\colortbl.sty
Package: colortbl 2020/01/04 v1.0e Color table columns (DPC)
\everycr=\toks42
\minrowclearance=\skip73
) (first_draft.aux)
\openout1 = `first_draft.aux'.

LaTeX Font Info:    Checking defaults for OML/cmm/m/it on input line 24.
LaTeX Font Info:    ... okay on input line 24.
LaTeX Font Info:    Checking defaults for OMS/cmsy/m/n on input line 24.
LaTeX Font Info:    ... okay on input line 24.
LaTeX Font Info:    Checking defaults for OT1/cmr/m/n on input line 24.
LaTeX Font Info:    ... okay on input line 24.
LaTeX Font Info:    Checking defaults for T1/cmr/m/n on input line 24.
LaTeX Font Info:    ... okay on input line 24.
LaTeX Font Info:    Checking defaults for TS1/cmr/m/n on input line 24.
LaTeX Font Info:    ... okay on input line 24.
LaTeX Font Info:    Checking defaults for OMX/cmex/m/n on input line 24.
LaTeX Font Info:    ... okay on input line 24.
LaTeX Font Info:    Checking defaults for U/cmr/m/n on input line 24.
LaTeX Font Info:    ... okay on input line 24.

(D:\Latex\tex/context/base/mkii\supp-pdf.mkii
[Loading MPS to PDF converter (version 2006.09.02).]
\scratchcounter=\count310
\scratchdimen=\dimen293
\scratchbox=\box75
\nofMPsegments=\count311
\nofMParguments=\count312
\everyMPshowfont=\toks43
\MPscratchCnt=\count313
\MPscratchDim=\dimen294
\MPnumerator=\count314
\makeMPintoPDFobject=\count315
\everyMPtoPDFconversion=\toks44
) (D:\Latex\tex/latex/epstopdf-pkg\epstopdf-base.sty
Package: epstopdf-base 2020-01-24 v2.11 Base part for package epstopdf
Package epstopdf-base Info: Redefining graphics rule for `.eps' on input line 4
85.
)
Package caption Info: Begin \AtBeginDocument code.
Package caption Info: float package is loaded.
Package caption Info: End \AtBeginDocument code.

ABD: EveryShipout initializing macros
*geometry* driver: auto-detecting
*geometry* detected driver: pdftex
*geometry* verbose mode - [ preamble ] result:
* driver: pdftex
* paper: a4paper
* layout: <same size as paper>
* layoutoffset:(h,v)=(0.0pt,0.0pt)
* modes: 
* h-part:(L,W,R)=(72.26999pt, 452.9679pt, 72.26999pt)
* v-part:(T,H,B)=(72.26999pt, 700.50687pt, 72.26999pt)
* \paperwidth=597.50787pt
* \paperheight=845.04684pt
* \textwidth=452.9679pt
* \textheight=700.50687pt
* \oddsidemargin=0.0pt
* \evensidemargin=0.0pt
* \topmargin=-37.0pt
* \headheight=12.0pt
* \headsep=25.0pt
* \topskip=12.0pt
* \footskip=18.06749pt
* \marginparwidth=44.0pt
* \marginparsep=10.0pt
* \columnsep=10.0pt
* \skip\footins=10.8pt plus 4.0pt minus 2.0pt
* \hoffset=0.0pt
* \voffset=0.0pt
* \mag=1000
* \@twocolumnfalse
* \@twosidefalse
* \@mparswitchfalse
* \@reversemarginfalse
* (1in=72.27pt=25.4mm, 1cm=28.453pt)

\AtBeginShipoutBox=\box76
(D:\Latex\tex/latex/pdflscape\pdflscape.sty
Package: pdflscape 2019/12/05 v0.12 Display of landscape pages in PDF (HO)

(D:\Latex\tex/latex/graphics\lscape.sty
Package: lscape 2000/10/22 v3.01 Landscape Pages (DPC)
)
Package pdflscape Info: Auto-detected driver: pdftex on input line 81.
)

pdfTeX warning: pdflatex.exe (file ./tubaf.pdf): PDF inclusion: found PDF versi
on <1.7>, but at most version <1.5> allowed
<tubaf.pdf, id=4, 598.09648pt x 595.6042pt>
File: tubaf.pdf Graphic file (type pdf)
<use tubaf.pdf>
Package pdftex.def Info: tubaf.pdf  used on input line 31.
(pdftex.def)             Requested size: 119.61717pt x 119.11873pt.

LaTeX Font Warning: Font shape `OT1/cmr/bx/sc' undefined
(Font)              using `OT1/cmr/bx/n' instead on input line 39.

[1

{C:/Users/dhava/AppData/Local/MiKTeX/2.9/pdftex/config/pdftex.map} <./tubaf.pdf
>]
Underfull \hbox (badness 10000) in paragraph at lines 59--66

 []


Underfull \hbox (badness 10000) in paragraph at lines 59--66

 []

[1

] (first_draft.lof
LaTeX Font Info:    Trying to load font information for U+msa on input line 1.
 (D:\Latex\tex/latex/amsfonts\umsa.fd
File: umsa.fd 2013/01/14 v3.01 AMS symbols A
)
LaTeX Font Info:    Trying to load font information for U+msb on input line 1.

(D:\Latex\tex/latex/amsfonts\umsb.fd
File: umsb.fd 2013/01/14 v3.01 AMS symbols B
))
\tf@lof=\write4
\openout4 = `first_draft.lof'.

 (first_draft.lot)
\tf@lot=\write5
\openout5 = `first_draft.lot'.

 [2] (first_draft.toc
[3

])
\tf@toc=\write6
\openout6 = `first_draft.toc'.

 [4]
Underfull \hbox (badness 10000) in paragraph at lines 77--79

 []


Underfull \hbox (badness 10000) in paragraph at lines 80--82

 []


Underfull \hbox (badness 10000) in paragraph at lines 83--85

 []

[5

]
<straingradienthistory.png, id=34, 796.32506pt x 439.94362pt>
File: straingradienthistory.png Graphic file (type png)
<use straingradienthistory.png>
Package pdftex.def Info: straingradienthistory.png  used on input line 93.
(pdftex.def)             Requested size: 398.16156pt x 219.97127pt.
 [6 <./straingradienthistory.png>]
Underfull \hbox (badness 10000) in paragraph at lines 127--132

 []


Underfull \hbox (badness 10000) in paragraph at lines 140--149

 []


Underfull \hbox (badness 10000) in paragraph at lines 140--149

 []


Underfull \hbox (badness 10000) in paragraph at lines 156--161

 []

[7]
<Tri_Element.JPG, id=47, 301.72725pt x 173.448pt>
File: Tri_Element.JPG Graphic file (type jpg)
<use Tri_Element.JPG>
Package pdftex.def Info: Tri_Element.JPG  used on input line 172.
(pdftex.def)             Requested size: 241.38211pt x 138.75858pt.

Underfull \hbox (badness 10000) in paragraph at lines 167--175

 []


Underfull \hbox (badness 10000) in paragraph at lines 180--182

 []

[8 <./Tri_Element.JPG>]
Underfull \hbox (badness 10000) in paragraph at lines 231--237

 []

<U111_Eta_111.JPG, id=51, 218.61674pt x 113.82526pt>
File: U111_Eta_111.JPG Graphic file (type jpg)
<use U111_Eta_111.JPG>
Package pdftex.def Info: U111_Eta_111.JPG  used on input line 241.
(pdftex.def)             Requested size: 174.89362pt x 91.06032pt.
<U222_Eta_222.JPG, id=52, 216.81pt x 114.4275pt>
File: U222_Eta_222.JPG Graphic file (type jpg)
<use U222_Eta_222.JPG>
Package pdftex.def Info: U222_Eta_222.JPG  used on input line 242.
(pdftex.def)             Requested size: 173.44823pt x 91.54211pt.
<U122_Eta_122.JPG, id=53, 214.401pt x 104.18925pt>
File: U122_Eta_122.JPG Graphic file (type jpg)
<use U122_Eta_122.JPG>
Package pdftex.def Info: U122_Eta_122.JPG  used on input line 248.
(pdftex.def)             Requested size: 171.52103pt x 83.3515pt.
<U211_Eta_211.JPG, id=54, 215.00325pt x 124.66576pt>
File: U211_Eta_211.JPG Graphic file (type jpg)
<use U211_Eta_211.JPG>
Package pdftex.def Info: U211_Eta_211.JPG  used on input line 249.
(pdftex.def)             Requested size: 172.00282pt x 99.73273pt.
<U121_Eta_121.JPG, id=55, 215.6055pt x 105.39375pt>
File: U121_Eta_121.JPG Graphic file (type jpg)
<use U121_Eta_121.JPG>
Package pdftex.def Info: U121_Eta_121.JPG  used on input line 255.
(pdftex.def)             Requested size: 172.48462pt x 84.3151pt.
<U212_Eta_212.JPG, id=56, 215.00325pt x 124.66576pt>
File: U212_Eta_212.JPG Graphic file (type jpg)
<use U212_Eta_212.JPG>
Package pdftex.def Info: U212_Eta_212.JPG  used on input line 256.
(pdftex.def)             Requested size: 172.00282pt x 99.73273pt.
[9 <./U111_Eta_111.JPG> <./U222_Eta_222.JPG>]
Underfull \hbox (badness 10000) in paragraph at lines 262--269

 []


Underfull \hbox (badness 10000) in paragraph at lines 262--269

 []


Underfull \hbox (badness 10000) in paragraph at lines 271--279

 []


Underfull \hbox (badness 10000) in paragraph at lines 271--279

 []


Underfull \hbox (badness 10000) in paragraph at lines 271--279

 []

[10 <./U122_Eta_122.JPG> <./U211_Eta_211.JPG> <./U121_Eta_121.JPG> <./U212_Eta_
212.JPG>]
Underfull \hbox (badness 10000) in paragraph at lines 290--295

 []


Underfull \hbox (badness 10000) in paragraph at lines 290--295

 []


Underfull \hbox (badness 10000) in paragraph at lines 307--311

 []


Underfull \hbox (badness 10000) in paragraph at lines 326--328

 []

[11]
Underfull \hbox (badness 10000) in paragraph at lines 344--348

 []


Underfull \hbox (badness 10000) in paragraph at lines 350--354

 []


Underfull \hbox (badness 10000) in paragraph at lines 356--362

 []


Underfull \hbox (badness 10000) in paragraph at lines 356--362

 []


Underfull \hbox (badness 10000) in paragraph at lines 356--362

 []


Underfull \hbox (badness 10000) in paragraph at lines 372--376

 []

[12]
<Element_mixed_type_formulation_E_Amanatidou.JPG, id=70, 581.7735pt x 263.7855p
t>
File: Element_mixed_type_formulation_E_Amanatidou.JPG Graphic file (type jpg)
<use Element_mixed_type_formulation_E_Amanatidou.JPG>
Package pdftex.def Info: Element_mixed_type_formulation_E_Amanatidou.JPG  used 
on input line 381.
(pdftex.def)             Requested size: 378.1483pt x 171.45854pt.

Underfull \hbox (badness 10000) in paragraph at lines 385--387

 []


Underfull \hbox (badness 10000) in paragraph at lines 389--395

 []


Underfull \hbox (badness 10000) in paragraph at lines 389--395

 []


Underfull \hbox (badness 10000) in paragraph at lines 396--399

 []

[13 <./Element_mixed_type_formulation_E_Amanatidou.JPG>]
Underfull \hbox (badness 10000) in paragraph at lines 426--428

 []

[14]
<Shu_1_2.JPG, id=77, 399.894pt x 165.61874pt>
File: Shu_1_2.JPG Graphic file (type jpg)
<use Shu_1_2.JPG>
Package pdftex.def Info: Shu_1_2.JPG  used on input line 471.
(pdftex.def)             Requested size: 239.93823pt x 99.37201pt.
<Shu_3.JPG, id=78, 172.84575pt x 151.767pt>
File: Shu_3.JPG Graphic file (type jpg)
<use Shu_3.JPG>
Package pdftex.def Info: Shu_3.JPG  used on input line 472.
(pdftex.def)             Requested size: 103.70824pt x 91.06088pt.
<Shu_4.JPG, id=79, 180.07275pt x 153.57375pt>
File: Shu_4.JPG Graphic file (type jpg)
<use Shu_4.JPG>
Package pdftex.def Info: Shu_4.JPG  used on input line 477.
(pdftex.def)             Requested size: 108.04448pt x 92.14494pt.
<Shu_5_6.JPG, id=80, 398.08725pt x 159.59625pt>
File: Shu_5_6.JPG Graphic file (type jpg)
<use Shu_5_6.JPG>
Package pdftex.def Info: Shu_5_6.JPG  used on input line 478.
(pdftex.def)             Requested size: 238.85419pt x 95.75847pt.
<Shu_info.JPG, id=81, 325.81725pt x 95.75775pt>
File: Shu_info.JPG Graphic file (type jpg)
<use Shu_info.JPG>
Package pdftex.def Info: Shu_info.JPG  used on input line 483.
(pdftex.def)             Requested size: 260.65413pt x 76.6063pt.
 [15 <./Shu_1_2.JPG> <./Shu_3.JPG>] [16 <./Shu_4.JPG> <./Shu_5_6.JPG> <./Shu_in
fo.JPG>] [17]
Underfull \hbox (badness 10000) in paragraph at lines 536--538

 []

<ele_1.png, id=92, 355.3275pt x 240.9pt>
File: ele_1.png Graphic file (type png)
<use ele_1.png>
Package pdftex.def Info: ele_1.png  used on input line 542.
(pdftex.def)             Requested size: 284.26237pt x 192.72025pt.

Underfull \hbox (badness 10000) in paragraph at lines 551--554

 []


Underfull \hbox (badness 10000) in paragraph at lines 551--554

 []

[18 <./ele_1.png>]
Underfull \hbox (badness 10000) in paragraph at lines 561--565

 []


Underfull \hbox (badness 10000) in paragraph at lines 570--575

 []


Underfull \hbox (badness 10000) in paragraph at lines 570--575

 []


Underfull \hbox (badness 10000) in paragraph at lines 587--591

 []

[19]
Underfull \hbox (badness 10000) in paragraph at lines 599--603

 []


Underfull \hbox (badness 10000) in paragraph at lines 608--612

 []

[20]
Underfull \hbox (badness 10000) in paragraph at lines 654--660

 []


Underfull \hbox (badness 10000) in paragraph at lines 668--672

 []


Underfull \hbox (badness 10000) in paragraph at lines 692--696

 []


Underfull \hbox (badness 10000) in paragraph at lines 697--699

 []

[21]
Underfull \hbox (badness 10000) in paragraph at lines 711--715

 []


Underfull \hbox (badness 10000) in paragraph at lines 720--725

 []


Underfull \hbox (badness 10000) in paragraph at lines 720--725

 []


Underfull \hbox (badness 10000) in paragraph at lines 732--738

 []


Underfull \hbox (badness 10000) in paragraph at lines 732--738

 []


Underfull \hbox (badness 10000) in paragraph at lines 732--738

 []


Underfull \hbox (badness 10000) in paragraph at lines 746--752

 []

[22] [23] [24]
<ABAQUS_result.png, id=120, 670.505pt x 638.385pt>
File: ABAQUS_result.png Graphic file (type png)
<use ABAQUS_result.png>
Package pdftex.def Info: ABAQUS_result.png  used on input line 855.
(pdftex.def)             Requested size: 268.19725pt x 255.34947pt.

Underfull \hbox (badness 10000) in paragraph at lines 843--858

 []


Underfull \hbox (badness 10000) in paragraph at lines 843--858

 []


Underfull \hbox (badness 10000) in paragraph at lines 843--858

 []

<MY_code_result_1.png, id=121, 691.58376pt x 640.3925pt>
File: MY_code_result_1.png Graphic file (type png)
<use MY_code_result_1.png>
Package pdftex.def Info: MY_code_result_1.png  used on input line 861.
(pdftex.def)             Requested size: 276.6286pt x 256.15245pt.
[25 <./ABAQUS_result.png>]
<ABAQUS_result_stress.png, id=125, 704.6325pt x 641.39626pt>
File: ABAQUS_result_stress.png Graphic file (type png)
<use ABAQUS_result_stress.png>
Package pdftex.def Info: ABAQUS_result_stress.png  used on input line 868.
(pdftex.def)             Requested size: 281.848pt x 256.55396pt.
<ABAQUS_result_stress_crp.png, id=126, 475.7775pt x 716.6775pt>
File: ABAQUS_result_stress_crp.png Graphic file (type png)
<use ABAQUS_result_stress_crp.png>
Package pdftex.def Info: ABAQUS_result_stress_crp.png  used on input line 869.
(pdftex.def)             Requested size: 166.52461pt x 250.84088pt.
<MY_code_result_stress.png, id=127, 681.54625pt x 613.29124pt>
File: MY_code_result_stress.png Graphic file (type png)
<use MY_code_result_stress.png>
Package pdftex.def Info: MY_code_result_stress.png  used on input line 875.
(pdftex.def)             Requested size: 272.61366pt x 245.31215pt.
<MY_code_result_stress_crp.png, id=128, 439.6425pt x 757.83125pt>
File: MY_code_result_stress_crp.png Graphic file (type png)
<use MY_code_result_stress_crp.png>
Package pdftex.def Info: MY_code_result_stress_crp.png  used on input line 876.

(pdftex.def)             Requested size: 140.68846pt x 242.51096pt.
 [26 <./MY_code_result_1.png> <./ABAQUS_result_stress.png> <./ABAQUS_result_str
ess_crp.png>] [27 <./MY_code_result_stress.png> <./MY_code_result_stress_crp.pn
g>]
<mesh_part.png, id=135, 741.77126pt x 750.805pt>
File: mesh_part.png Graphic file (type png)
<use mesh_part.png>
Package pdftex.def Info: mesh_part.png  used on input line 888.
(pdftex.def)             Requested size: 259.62383pt x 262.78568pt.
<fine_mesh_part.png, id=136, 445.665pt x 451.6875pt>
File: fine_mesh_part.png Graphic file (type png)
<use fine_mesh_part.png>
Package pdftex.def Info: fine_mesh_part.png  used on input line 895.
(pdftex.def)             Requested size: 169.35446pt x 171.64302pt.
<full_grad_crop.png, id=137, 467.94826pt x 333.04425pt>
File: full_grad_crop.png Graphic file (type png)
<use full_grad_crop.png>
Package pdftex.def Info: full_grad_crop.png  used on input line 901.
(pdftex.def)             Requested size: 374.35912pt x 266.43575pt.
<Reg11_crop.png, id=138, 460.72125pt x 327.624pt>
File: Reg11_crop.png Graphic file (type png)
<use Reg11_crop.png>
Package pdftex.def Info: Reg11_crop.png  used on input line 907.
(pdftex.def)             Requested size: 368.5775pt x 262.09953pt.
 [28 <./mesh_part.png> <./fine_mesh_part.png>]
<Reg22_crop.png, id=144, 465.53925pt x 330.63525pt>
File: Reg22_crop.png Graphic file (type png)
<use Reg22_crop.png>
Package pdftex.def Info: Reg22_crop.png  used on input line 913.
(pdftex.def)             Requested size: 372.4319pt x 264.50856pt.
<Reg33_crop.png, id=145, 463.13025pt x 329.43076pt>
File: Reg33_crop.png Graphic file (type png)
<use Reg33_crop.png>
Package pdftex.def Info: Reg33_crop.png  used on input line 919.
(pdftex.def)             Requested size: 370.5047pt x 263.54495pt.

[29 <./full_grad_crop.png> <./Reg11_crop.png>]
<Reg12_crop.png, id=151, 462.528pt x 327.02174pt>
File: Reg12_crop.png Graphic file (type png)
<use Reg12_crop.png>
Package pdftex.def Info: Reg12_crop.png  used on input line 925.
(pdftex.def)             Requested size: 370.02289pt x 261.61774pt.
<Reg23_crop.png, id=152, 464.33475pt x 332.442pt>
File: Reg23_crop.png Graphic file (type png)
<use Reg23_crop.png>
Package pdftex.def Info: Reg23_crop.png  used on input line 931.
(pdftex.def)             Requested size: 371.46829pt x 265.95395pt.
 [30 <./Reg22_crop.png> <./Reg33_crop.png>]
<Reg13_crop.png, id=159, 466.1415pt x 327.02174pt>
File: Reg13_crop.png Graphic file (type png)
<use Reg13_crop.png>
Package pdftex.def Info: Reg13_crop.png  used on input line 937.
(pdftex.def)             Requested size: 372.9137pt x 261.61774pt.
<Higher_order_stress_crop.png, id=160, 469.755pt x 339.06676pt>
File: Higher_order_stress_crop.png Graphic file (type png)
<use Higher_order_stress_crop.png>
Package pdftex.def Info: Higher_order_stress_crop.png  used on input line 943.
(pdftex.def)             Requested size: 375.80452pt x 271.25377pt.
 [31 <./Reg12_crop.png> <./Reg23_crop.png>]
<path_full_grad_crop.png, id=166, 346.29375pt x 284.262pt>
File: path_full_grad_crop.png Graphic file (type png)
<use path_full_grad_crop.png>
Package pdftex.def Info: path_full_grad_crop.png  used on input line 949.
(pdftex.def)             Requested size: 415.5504pt x 341.11267pt.
<path_full_grad_plot.png, id=167, 913.4125pt x 444.66125pt>
File: path_full_grad_plot.png Graphic file (type png)
<use path_full_grad_plot.png>
Package pdftex.def Info: path_full_grad_plot.png  used on input line 955.
(pdftex.def)             Requested size: 529.77963pt x 257.9037pt.

Overfull \hbox (62.58537pt too wide) in paragraph at lines 955--956
 [][] 
 []

[32 <./Reg13_crop.png> <./Higher_order_stress_crop.png>]
<Higher_order_stress_plot.png, id=173, 903.375pt x 440.64626pt>
File: Higher_order_stress_plot.png Graphic file (type png)
<use Higher_order_stress_plot.png>
Package pdftex.def Info: Higher_order_stress_plot.png  used on input line 961.
(pdftex.def)             Requested size: 523.95787pt x 255.575pt.

Overfull \hbox (56.76361pt too wide) in paragraph at lines 961--962
 [][] 
 []

[33 <./path_full_grad_crop.png> <./path_full_grad_plot.png>] [34 <./Higher_orde
r_stress_plot.png>]
Underfull \hbox (badness 10000) in paragraph at lines 967--969

 []

File: ele_1.png Graphic file (type png)
<use ele_1.png>
Package pdftex.def Info: ele_1.png  used on input line 973.
(pdftex.def)             Requested size: 284.26237pt x 192.72025pt.
<patch_1_disp_crop.png, id=183, 448.074pt x 336.0555pt>
File: patch_1_disp_crop.png Graphic file (type png)
<use patch_1_disp_crop.png>
Package pdftex.def Info: patch_1_disp_crop.png  used on input line 987.
(pdftex.def)             Requested size: 371.9013pt x 278.92598pt.

Underfull \hbox (badness 10000) in paragraph at lines 977--990

 []


Underfull \hbox (badness 10000) in paragraph at lines 977--990

 []

[35]
<patch_1_relaxed_strain_crop.png, id=187, 444.4605pt x 334.851pt>
File: patch_1_relaxed_strain_crop.png Graphic file (type png)
<use patch_1_relaxed_strain_crop.png>
Package pdftex.def Info: patch_1_relaxed_strain_crop.png  used on input line 99
3.
(pdftex.def)             Requested size: 368.90211pt x 277.92625pt.
 [36 <./patch_1_disp_crop.png> <./patch_1_relaxed_strain_crop.png>]
<ele_4.png, id=194, 633.567pt x 301.125pt>
File: ele_4.png Graphic file (type png)
<use ele_4.png>
Package pdftex.def Info: ele_4.png  used on input line 1038.
(pdftex.def)             Requested size: 475.17409pt x 225.84319pt.

Overfull \hbox (22.20619pt too wide) in paragraph at lines 1038--1039
 [] 
 []

<p2_u1.png, id=195, 608.2725pt x 526.96875pt>
File: p2_u1.png Graphic file (type png)
<use p2_u1.png>
Package pdftex.def Info: p2_u1.png  used on input line 1051.
(pdftex.def)             Requested size: 273.7201pt x 237.13374pt.

Underfull \hbox (badness 10000) in paragraph at lines 1042--1054

 []


Underfull \hbox (badness 10000) in paragraph at lines 1042--1054

 []

[37 <./ele_4.png>]
<p2_u2.png, id=200, 606.265pt x 527.9725pt>
File: p2_u2.png Graphic file (type png)
<use p2_u2.png>
Package pdftex.def Info: p2_u2.png  used on input line 1057.
(pdftex.def)             Requested size: 272.81673pt x 237.58542pt.

Overfull \hbox (62.8624pt too wide) in paragraph at lines 1064--1144
 [] 
 []

<Rigid_body_u1_crop.png, id=201, 451.6875pt x 315.579pt>
File: Rigid_body_u1_crop.png Graphic file (type png)
<use Rigid_body_u1_crop.png>
Package pdftex.def Info: Rigid_body_u1_crop.png  used on input line 1227.
(pdftex.def)             Requested size: 221.3288pt x 154.63506pt.
<Rigid_body_u2_crop.png, id=202, 452.892pt x 314.3745pt>
File: Rigid_body_u2_crop.png Graphic file (type png)
<use Rigid_body_u2_crop.png>
Package pdftex.def Info: Rigid_body_u2_crop.png  used on input line 1228.
(pdftex.def)             Requested size: 221.919pt x 154.04485pt.
<Rigid_body_stress_crop.png, id=203, 454.0965pt x 311.36325pt>
File: Rigid_body_stress_crop.png Graphic file (type png)
<use Rigid_body_stress_crop.png>
Package pdftex.def Info: Rigid_body_stress_crop.png  used on input line 1234.
(pdftex.def)             Requested size: 222.50923pt x 152.56932pt.
<Rigid_body_strain_crop.png, id=204, 452.892pt x 314.3745pt>
File: Rigid_body_strain_crop.png Graphic file (type png)
<use Rigid_body_strain_crop.png>
Package pdftex.def Info: Rigid_body_strain_crop.png  used on input line 1235.
(pdftex.def)             Requested size: 221.919pt x 154.04485pt.
[38 <./p2_u1.png> <./p2_u2.png>] [39] [40] [41 <./Rigid_body_u1_crop.png> <./Ri
gid_body_u2_crop.png> <./Rigid_body_stress_crop.png> <./Rigid_body_strain_crop.
png>]
<Patch_test_1_elem_eqn.pdf, id=221, page=1, 597.23125pt x 845.1575pt>
File: Patch_test_1_elem_eqn.pdf Graphic file (type pdf)
<use Patch_test_1_elem_eqn.pdf, page 1>
Package pdftex.def Info: Patch_test_1_elem_eqn.pdf , page1 used on input line 1
244.
(pdftex.def)             Requested size: 477.78564pt x 676.12692pt.
<pro.pdf, id=222, page=1, 597.23125pt x 845.1575pt>
File: pro.pdf Graphic file (type pdf)
<use pro.pdf, page 1>
Package pdftex.def Info: pro.pdf , page1 used on input line 1247.
(pdftex.def)             Requested size: 477.78564pt x 676.12692pt.

Overfull \hbox (24.81775pt too wide) in paragraph at lines 1244--1248
[] 
 []


Underfull \hbox (badness 10000) in paragraph at lines 1244--1248

 []


Overfull \hbox (24.81775pt too wide) in paragraph at lines 1244--1248
[] 
 []


Overfull \vbox (18.36339pt too high) has occurred while \output is active []


[42 <./Patch_test_1_elem_eqn.pdf>]
<Patch_Test_4_elem_eqn.pdf, id=242, page=1, 597.23125pt x 845.1575pt>
File: Patch_Test_4_elem_eqn.pdf Graphic file (type pdf)
<use Patch_Test_4_elem_eqn.pdf, page 1>
Package pdftex.def Info: Patch_Test_4_elem_eqn.pdf , page1 used on input line 1
249.
(pdftex.def)             Requested size: 477.78564pt x 676.12692pt.
<Patch_Test_4_elem_eqn.pdf, id=243, page=2, 597.23125pt x 845.1575pt>
File: Patch_Test_4_elem_eqn.pdf Graphic file (type pdf)
<use Patch_Test_4_elem_eqn.pdf, page 2>
Package pdftex.def Info: Patch_Test_4_elem_eqn.pdf , page2 used on input line 1
252.
(pdftex.def)             Requested size: 477.78564pt x 676.12692pt.

Overfull \hbox (24.81775pt too wide) in paragraph at lines 1249--1253
[] 
 []


Underfull \hbox (badness 10000) in paragraph at lines 1249--1253

 []


Overfull \hbox (24.81775pt too wide) in paragraph at lines 1249--1253
[] 
 []

[43 <./pro.pdf>]
Overfull \vbox (18.36339pt too high) has occurred while \output is active []


[44 <./Patch_Test_4_elem_eqn.pdf>]
<9Node_Mesh_generation.pdf, id=280, page=1, 597.23125pt x 845.1575pt>
File: 9Node_Mesh_generation.pdf Graphic file (type pdf)
<use 9Node_Mesh_generation.pdf, page 1>
Package pdftex.def Info: 9Node_Mesh_generation.pdf , page1 used on input line 1
254.
(pdftex.def)             Requested size: 477.78564pt x 676.12692pt.
<9Node_Mesh_generation.pdf, id=281, page=2, 597.23125pt x 845.1575pt>
File: 9Node_Mesh_generation.pdf Graphic file (type pdf)
<use 9Node_Mesh_generation.pdf, page 2>
Package pdftex.def Info: 9Node_Mesh_generation.pdf , page2 used on input line 1
257.
(pdftex.def)             Requested size: 477.78564pt x 676.12692pt.

Overfull \hbox (24.81775pt too wide) in paragraph at lines 1254--1258
[] 
 []


Underfull \hbox (badness 10000) in paragraph at lines 1254--1258

 []


Overfull \hbox (24.81775pt too wide) in paragraph at lines 1254--1258
[] 
 []

[45 <./Patch_Test_4_elem_eqn.pdf>]
Overfull \vbox (18.36339pt too high) has occurred while \output is active []


[46 <./9Node_Mesh_generation.pdf>]
Overfull \hbox (11.35776pt too wide) in paragraph at lines 1258--1258
[]\OT1/cmr/bx/n/17.28 Flowchart of Strain Gra-di-ent Elas-tic-ity FEM Model 
 []



pdfTeX warning: pdflatex.exe (file ./flow_chart_1.pdf): PDF inclusion: found PD
F version <1.7>, but at most version <1.5> allowed
<flow_chart_1.pdf, id=303, page=1, 844.15375pt x 817.0525pt>
File: flow_chart_1.pdf Graphic file (type pdf)
<use flow_chart_1.pdf, page 1>
Package pdftex.def Info: flow_chart_1.pdf , page1 used on input line 1260.
(pdftex.def)             Requested size: 506.49615pt x 490.23529pt.

Overfull \hbox (53.52826pt too wide) in paragraph at lines 1260--1261
[] 
 []

[47 <./9Node_Mesh_generation.pdf>] [48 <./flow_chart_1.pdf>]

pdfTeX warning: pdflatex.exe (file ./flow_chart_2.pdf): PDF inclusion: found PD
F version <1.7>, but at most version <1.5> allowed
<flow_chart_2.pdf, id=323, page=1, 844.15375pt x 901.3675pt>
File: flow_chart_2.pdf Graphic file (type pdf)
<use flow_chart_2.pdf, page 1>
Package pdftex.def Info: flow_chart_2.pdf , page1 used on input line 1262.
(pdftex.def)             Requested size: 506.49615pt x 540.82466pt.

Overfull \hbox (71.15308pt too wide) in paragraph at lines 1262--1263
[][] 
 []

[49 <./flow_chart_2.pdf>]
Underfull \hbox (badness 10000) in paragraph at lines 1265--1288

 []


Underfull \hbox (badness 10000) in paragraph at lines 1265--1288

 []


Underfull \hbox (badness 10000) in paragraph at lines 1265--1288

 []


Underfull \hbox (badness 10000) in paragraph at lines 1265--1288

 []


Underfull \hbox (badness 10000) in paragraph at lines 1265--1288

 []


Underfull \hbox (badness 10000) in paragraph at lines 1265--1288

 []

[50] (first_draft.bbl) [51] (first_draft.aux)

LaTeX Font Warning: Some font shapes were not available, defaults substituted.

 ) 
Here is how much of TeX's memory you used:
 19710 strings out of 480900
 374269 string characters out of 2917515
 1055858 words of memory out of 3000000
 35172 multiletter control sequences out of 15000+200000
 541285 words of font info for 56 fonts, out of 3000000 for 9000
 1141 hyphenation exceptions out of 8191
 60i,11n,60p,1347b,350s stack positions out of 5000i,500n,10000p,200000b,50000s
<D:/Latex/fonts/type1/public/amsfonts/cm/cmbx12.pfb><D:/Latex/fonts/type1/pub
lic/amsfonts/cm/cmbx6.pfb><D:/Latex/fonts/type1/public/amsfonts/cm/cmcsc10.pfb>
<D:/Latex/fonts/type1/public/amsfonts/cm/cmex10.pfb><D:/Latex/fonts/type1/publi
c/amsfonts/cm/cmmi12.pfb><D:/Latex/fonts/type1/public/amsfonts/cm/cmmi6.pfb><D:
/Latex/fonts/type1/public/amsfonts/cm/cmmi8.pfb><D:/Latex/fonts/type1/public/am
sfonts/cm/cmr12.pfb><D:/Latex/fonts/type1/public/amsfonts/cm/cmr6.pfb><D:/Latex
/fonts/type1/public/amsfonts/cm/cmr8.pfb><D:/Latex/fonts/type1/public/amsfonts/
cm/cmsy10.pfb><D:/Latex/fonts/type1/public/amsfonts/cm/cmti12.pfb><D:/Latex/fon
ts/type1/public/amsfonts/symbols/msbm10.pfb>
Output written on first_draft.pdf (52 pages, 4143705 bytes).
PDF statistics:
 384 PDF objects out of 1000 (max. 8388607)
 0 named destinations out of 1000 (max. 500000)
 273 words of extra memory for PDF output out of 10000 (max. 10000000)

